<?xml version="1.0" encoding="UTF-8"?>
<testng-results ignored="0" total="4" passed="4" failed="0" skipped="0">
  <reporter-output>
  </reporter-output>
  <suite started-at="2025-03-27T12:58:28 IST" name="Suite" finished-at="2025-03-27T13:01:48 IST" duration-ms="199825">
    <groups>
    </groups>
    <test started-at="2025-03-27T12:58:28 IST" name="Test" finished-at="2025-03-27T13:01:48 IST" duration-ms="199825">
      <class name="com.tests.HomeTest">
        <test-method is-config="true" signature="setup()[pri:0, instance:com.tests.HomeTest@7eac9008]" started-at="2025-03-27T13:01:15 IST" name="setup" finished-at="2025-03-27T13:01:45 IST" duration-ms="29979" status="PASS">
          <reporter-output>
          </reporter-output>
        </test-method> <!-- setup -->
        <test-method signature="loginTest()[pri:0, instance:com.tests.HomeTest@7eac9008]" started-at="2025-03-27T13:01:45 IST" name="loginTest" finished-at="2025-03-27T13:01:48 IST" duration-ms="2741" status="PASS">
          <reporter-output>
          </reporter-output>
        </test-method> <!-- loginTest -->
        <test-method is-config="true" signature="tearDown()[pri:0, instance:com.tests.HomeTest@7eac9008]" started-at="2025-03-27T13:01:48 IST" name="tearDown" finished-at="2025-03-27T13:01:48 IST" duration-ms="159" status="PASS">
          <reporter-output>
          </reporter-output>
        </test-method> <!-- tearDown -->
      </class> <!-- com.tests.HomeTest -->
      <class name="com.tests.RegisterTests">
        <test-method is-config="true" signature="setup()[pri:0, instance:com.tests.RegisterTests@62379589]" started-at="2025-03-27T12:58:29 IST" name="setup" finished-at="2025-03-27T12:59:49 IST" duration-ms="80184" status="PASS">
          <reporter-output>
          </reporter-output>
        </test-method> <!-- setup -->
        <test-method signature="Register(java.lang.String,java.lang.String,java.lang.String,java.lang.String,java.lang.String)[pri:0, instance:com.tests.RegisterTests@62379589]" started-at="2025-03-27T12:59:49 IST" name="Register" data-provider="excelData" finished-at="2025-03-27T13:00:00 IST" duration-ms="10940" status="PASS">
          <params>
            <param index="0">
              <value>
                <![CDATA[thoushi]]>
              </value>
            </param>
            <param index="1">
              <value>
                <![CDATA[F]]>
              </value>
            </param>
            <param index="2">
              <value>
                <![CDATA[2k21cse17@gmail.com]]>
              </value>
            </param>
            <param index="3">
              <value>
                <![CDATA[234567.0]]>
              </value>
            </param>
            <param index="4">
              <value>
                <![CDATA[234567.0]]>
              </value>
            </param>
          </params>
          <reporter-output>
          </reporter-output>
        </test-method> <!-- Register -->
        <test-method is-config="true" signature="tearDown()[pri:0, instance:com.tests.RegisterTests@62379589]" started-at="2025-03-27T13:00:00 IST" name="tearDown" finished-at="2025-03-27T13:00:00 IST" duration-ms="243" status="PASS">
          <reporter-output>
          </reporter-output>
        </test-method> <!-- tearDown -->
        <test-method is-config="true" signature="setup()[pri:0, instance:com.tests.RegisterTests@62379589]" started-at="2025-03-27T13:00:00 IST" name="setup" finished-at="2025-03-27T13:00:35 IST" duration-ms="35394" status="PASS">
          <reporter-output>
          </reporter-output>
        </test-method> <!-- setup -->
        <test-method signature="Register(java.lang.String,java.lang.String,java.lang.String,java.lang.String,java.lang.String)[pri:0, instance:com.tests.RegisterTests@62379589]" started-at="2025-03-27T13:00:35 IST" name="Register" data-provider="excelData" finished-at="2025-03-27T13:00:42 IST" duration-ms="6243" status="PASS">
          <params>
            <param index="0">
              <value>
                <![CDATA[sans]]>
              </value>
            </param>
            <param index="1">
              <value>
                <![CDATA[ravi]]>
              </value>
            </param>
            <param index="2">
              <value>
                <![CDATA[sans@gmail.com]]>
              </value>
            </param>
            <param index="3">
              <value>
                <![CDATA[Pass1234]]>
              </value>
            </param>
            <param index="4">
              <value>
                <![CDATA[Pass1234]]>
              </value>
            </param>
          </params>
          <reporter-output>
          </reporter-output>
        </test-method> <!-- Register -->
        <test-method is-config="true" signature="tearDown()[pri:0, instance:com.tests.RegisterTests@62379589]" started-at="2025-03-27T13:00:42 IST" name="tearDown" finished-at="2025-03-27T13:00:42 IST" duration-ms="157" status="PASS">
          <reporter-output>
          </reporter-output>
        </test-method> <!-- tearDown -->
        <test-method is-config="true" signature="setup()[pri:0, instance:com.tests.RegisterTests@62379589]" started-at="2025-03-27T13:00:42 IST" name="setup" finished-at="2025-03-27T13:01:11 IST" duration-ms="29527" status="PASS">
          <reporter-output>
          </reporter-output>
        </test-method> <!-- setup -->
        <test-method signature="Register(java.lang.String,java.lang.String,java.lang.String,java.lang.String,java.lang.String)[pri:0, instance:com.tests.RegisterTests@62379589]" started-at="2025-03-27T13:01:11 IST" name="Register" data-provider="excelData" finished-at="2025-03-27T13:01:15 IST" duration-ms="3320" status="PASS">
          <params>
            <param index="0">
              <value>
                <![CDATA[]]>
              </value>
            </param>
            <param index="1">
              <value>
                <![CDATA[]]>
              </value>
            </param>
            <param index="2">
              <value>
                <![CDATA[]]>
              </value>
            </param>
            <param index="3">
              <value>
                <![CDATA[]]>
              </value>
            </param>
            <param index="4">
              <value>
                <![CDATA[]]>
              </value>
            </param>
          </params>
          <reporter-output>
          </reporter-output>
        </test-method> <!-- Register -->
        <test-method is-config="true" signature="tearDown()[pri:0, instance:com.tests.RegisterTests@62379589]" started-at="2025-03-27T13:01:15 IST" name="tearDown" finished-at="2025-03-27T13:01:15 IST" duration-ms="195" status="PASS">
          <reporter-output>
          </reporter-output>
        </test-method> <!-- tearDown -->
      </class> <!-- com.tests.RegisterTests -->
    </test> <!-- Test -->
  </suite> <!-- Suite -->
</testng-results>
