<?xml version="1.0" encoding="UTF-8"?>
<testng-results ignored="0" total="4" passed="4" failed="0" skipped="0">
  <reporter-output>
  </reporter-output>
  <suite started-at="2025-03-27T14:30:33 IST" name="Suite" finished-at="2025-03-27T14:32:44 IST" duration-ms="130525">
    <groups>
    </groups>
    <test started-at="2025-03-27T14:30:33 IST" name="Test" finished-at="2025-03-27T14:32:44 IST" duration-ms="130525">
      <class name="com.tests.HomeTest">
        <test-method is-config="true" signature="setup()[pri:0, instance:com.tests.HomeTest@7eac9008]" started-at="2025-03-27T14:32:13 IST" name="setup" finished-at="2025-03-27T14:32:42 IST" duration-ms="28852" status="PASS">
          <reporter-output>
          </reporter-output>
        </test-method> <!-- setup -->
        <test-method signature="loginTest()[pri:0, instance:com.tests.HomeTest@7eac9008]" started-at="2025-03-27T14:32:42 IST" name="loginTest" finished-at="2025-03-27T14:32:43 IST" duration-ms="1720" status="PASS">
          <reporter-output>
          </reporter-output>
        </test-method> <!-- loginTest -->
        <test-method is-config="true" signature="tearDown()[pri:0, instance:com.tests.HomeTest@7eac9008]" started-at="2025-03-27T14:32:43 IST" name="tearDown" finished-at="2025-03-27T14:32:44 IST" duration-ms="180" status="PASS">
          <reporter-output>
          </reporter-output>
        </test-method> <!-- tearDown -->
      </class> <!-- com.tests.HomeTest -->
      <class name="com.tests.RegisterTests">
        <test-method is-config="true" signature="setup()[pri:0, instance:com.tests.RegisterTests@62379589]" started-at="2025-03-27T14:30:34 IST" name="setup" finished-at="2025-03-27T14:31:22 IST" duration-ms="48244" status="PASS">
          <reporter-output>
          </reporter-output>
        </test-method> <!-- setup -->
        <test-method signature="Register(java.lang.String,java.lang.String,java.lang.String,java.lang.String,java.lang.String)[pri:0, instance:com.tests.RegisterTests@62379589]" started-at="2025-03-27T14:31:22 IST" name="Register" data-provider="excelData" finished-at="2025-03-27T14:31:26 IST" duration-ms="3617" status="PASS">
          <params>
            <param index="0">
              <value>
                <![CDATA[thoushi]]>
              </value>
            </param>
            <param index="1">
              <value>
                <![CDATA[F]]>
              </value>
            </param>
            <param index="2">
              <value>
                <![CDATA[2k21cse17@gmail.com]]>
              </value>
            </param>
            <param index="3">
              <value>
                <![CDATA[234567.0]]>
              </value>
            </param>
            <param index="4">
              <value>
                <![CDATA[234567.0]]>
              </value>
            </param>
          </params>
          <reporter-output>
          </reporter-output>
        </test-method> <!-- Register -->
        <test-method is-config="true" signature="tearDown()[pri:0, instance:com.tests.RegisterTests@62379589]" started-at="2025-03-27T14:31:26 IST" name="tearDown" finished-at="2025-03-27T14:31:26 IST" duration-ms="253" status="PASS">
          <reporter-output>
          </reporter-output>
        </test-method> <!-- tearDown -->
        <test-method is-config="true" signature="setup()[pri:0, instance:com.tests.RegisterTests@62379589]" started-at="2025-03-27T14:31:26 IST" name="setup" finished-at="2025-03-27T14:31:46 IST" duration-ms="20473" status="PASS">
          <reporter-output>
          </reporter-output>
        </test-method> <!-- setup -->
        <test-method signature="Register(java.lang.String,java.lang.String,java.lang.String,java.lang.String,java.lang.String)[pri:0, instance:com.tests.RegisterTests@62379589]" started-at="2025-03-27T14:31:46 IST" name="Register" data-provider="excelData" finished-at="2025-03-27T14:31:50 IST" duration-ms="3229" status="PASS">
          <params>
            <param index="0">
              <value>
                <![CDATA[sans]]>
              </value>
            </param>
            <param index="1">
              <value>
                <![CDATA[ravi]]>
              </value>
            </param>
            <param index="2">
              <value>
                <![CDATA[sans@gmail.com]]>
              </value>
            </param>
            <param index="3">
              <value>
                <![CDATA[Pass1234]]>
              </value>
            </param>
            <param index="4">
              <value>
                <![CDATA[Pass1234]]>
              </value>
            </param>
          </params>
          <reporter-output>
          </reporter-output>
        </test-method> <!-- Register -->
        <test-method is-config="true" signature="tearDown()[pri:0, instance:com.tests.RegisterTests@62379589]" started-at="2025-03-27T14:31:50 IST" name="tearDown" finished-at="2025-03-27T14:31:50 IST" duration-ms="202" status="PASS">
          <reporter-output>
          </reporter-output>
        </test-method> <!-- tearDown -->
        <test-method is-config="true" signature="setup()[pri:0, instance:com.tests.RegisterTests@62379589]" started-at="2025-03-27T14:31:50 IST" name="setup" finished-at="2025-03-27T14:31:53 IST" duration-ms="3447" status="PASS">
          <reporter-output>
          </reporter-output>
        </test-method> <!-- setup -->
        <test-method signature="Register(java.lang.String,java.lang.String,java.lang.String,java.lang.String,java.lang.String)[pri:0, instance:com.tests.RegisterTests@62379589]" started-at="2025-03-27T14:31:53 IST" name="Register" data-provider="excelData" finished-at="2025-03-27T14:32:13 IST" duration-ms="19425" status="PASS">
          <params>
            <param index="0">
              <value>
                <![CDATA[]]>
              </value>
            </param>
            <param index="1">
              <value>
                <![CDATA[]]>
              </value>
            </param>
            <param index="2">
              <value>
                <![CDATA[]]>
              </value>
            </param>
            <param index="3">
              <value>
                <![CDATA[]]>
              </value>
            </param>
            <param index="4">
              <value>
                <![CDATA[]]>
              </value>
            </param>
          </params>
          <reporter-output>
          </reporter-output>
        </test-method> <!-- Register -->
        <test-method is-config="true" signature="tearDown()[pri:0, instance:com.tests.RegisterTests@62379589]" started-at="2025-03-27T14:32:13 IST" name="tearDown" finished-at="2025-03-27T14:32:13 IST" duration-ms="166" status="PASS">
          <reporter-output>
          </reporter-output>
        </test-method> <!-- tearDown -->
      </class> <!-- com.tests.RegisterTests -->
    </test> <!-- Test -->
  </suite> <!-- Suite -->
</testng-results>
