<?xml version="1.0" encoding="UTF-8"?>
<!-- Generated by org.testng.reporters.JUnitXMLReporter -->
<testsuite ignored="0" hostname="Thoushika" failures="0" tests="4" name="Test" time="199.825" errors="0" timestamp="2025-03-27T13:01:48 IST">
  <testcase classname="com.tests.RegisterTests" name="Register" time="10.94"/>
  <testcase classname="com.tests.RegisterTests" name="Register" time="6.243"/>
  <testcase classname="com.tests.RegisterTests" name="Register" time="3.32"/>
  <testcase classname="com.tests.HomeTest" name="loginTest" time="2.741"/>
</testsuite> <!-- Test -->
