<?xml version="1.0" encoding="UTF-8"?>
<!-- Generated by org.testng.reporters.JUnitXMLReporter -->
<testsuite ignored="0" hostname="Thoushika" failures="0" tests="4" name="Test" time="130.525" errors="0" timestamp="2025-03-27T14:32:44 IST">
  <testcase classname="com.tests.RegisterTests" name="Register" time="3.617"/>
  <testcase classname="com.tests.RegisterTests" name="Register" time="3.229"/>
  <testcase classname="com.tests.RegisterTests" name="Register" time="19.425"/>
  <testcase classname="com.tests.HomeTest" name="loginTest" time="1.72"/>
</testsuite> <!-- Test -->
